Mplus VERSION 8.10
MUTHEN & MUTHEN
06/07/2024   3:19 PM

INPUT INSTRUCTIONS

  TITLE: The present study uses data from trafficking
  survivors who received assistance from a residential
  facility in Ghana that rescues, rehabilitates, and
  reintegrates back into the community female victims
  of sex and labor trafficking.
  ! text file containing raw data in long format
  DATA: FILE IS DAVIDdata.txt;
  VARIABLE: NAMES ARE
  ID Age Age_cat Edu Marital Tspend
  PTSD_1 PTSD_2 PTSD_3 PTSD_4 PTSD_5 PTSD_6 PTSD_7 PTSD_8 PTSD_9
  PTSD_10 PTSD_11 PTSD_12 PTSD_13 PTSD_14 PTSD_15 PTSD_16 PTSD_17
  BCOPE_1 BCOPE_2 BCOPE_3 BCOPE_4 BCOPE_5 BCOPE_6 BCOPE_7 BCOPE_8
  BCOPE_9 BCOPE_10 BCOPE_11 BCOPE_12 BCOPE_13 BCOPE_14 BCOPE_15
  BCOPE_16 BCOPE_17 BCOPE_18 BCOPE_19 BCOPE_20 BCOPE_21 BCOPE_22
  BCOPE_23 BCOPE_24 BCOPE_25 BCOPE_26 BCOPE_27 BCOPE_28
  SUP_1 SUP_2 SUP_3 SUP_4 SUP_5 SUP_6
  SUP_7 SUP_8 SUP_9 SUP_10 SUP_11 SUP_12
  Afterfin_1 Before_1 Rplace LReint
  FS_p1 FS_p2 FS_p3 BC_p1 BC_p2 BC_p3 PT_p1 PT_p2 PT_p3;

  ! Perceived Social Support 1-7 LIKERT (SUP)
  ! 1.  There is a special person who is around when I am in need
  ! 2.  There is a special person with whom I can share my joys and sorrows
  ! 3.  My family really tries to help me
  ! 4.  I get the emotional help and support I need from my family
  ! 5.  I have a special person who is a real source of comfort to me
  ! 6.  My friends really try to help me.
  ! 7.  I can count on my friends when things go wrong
  ! 8.  I can talk about my problems with my family
  ! 9.  I have friends with whom I can share my joys and sorrows.
  ! 10. There is a special person in my life who cares about my feelings.
  ! 11.  My family is willing to help me make decisions.
  ! 12.  I can talk about my problems with my friends.

  ! PTSD scale 0-3 LIKERT
  ! 1. Having upsetting thoughts or images about the traumatic event that come into your hea
  ! 2. Having bad dreams or nightmares about the traumatic event
  ! 3. Reliving the traumatic event (acting as if it were happening again)
  ! 4. Feeling emotionally upset when you are reminded of the traumatic event
  ! 5. Experiencing physical reactions when reminded of the traumatic event (sweating, incre
  ! 6. Trying not to think or talk about the traumatic event
  ! 7. Trying to avoid activities or people that remind you of the traumatic event
  ! 8. Not being able to remember an important part of the traumatic event
  ! 9. Having much less interest or participating much less often in important activities
  ! 10. Feeling distant or cut off from the people around you
  ! 11. Feeling emotionally numb (unable to cry or have loving feelings)
  ! 12. Feeling as if your future hopes or plans will not come true
  ! 13. Having trouble falling or staying asleep
  ! 14. Feeling irritable or having fits of anger
  ! 15. Having trouble concentrating
  ! 16. Being overly alert
  ! 17. Being jumpy or easily startled

  ! COPE 1-4 LIKERT
  ! 1. I've been turning to work or other activities to take my mind off things.
  ! 2. I've been concentrating my efforts on doing something about the situation I'm in.
  ! 3. I've been saying to myself "this isn't real."
  ! 4. I've been using alcohol or other drugs to make myself feel better.
  ! 5. I've been getting emotional support from others.
  ! 6. I've been giving up trying to deal with it.
  ! 7. I've been taking action to try to make the situation better.
  ! 8. I've been refusing to believe that it has happened.
  ! 9. I've been saying things to let my unpleasant feelings escape
  ! 10. I’ve been getting help and advice from other people.
  ! 11. I've been using alcohol or other drugs to help me get through it
  ! 12. I've been trying to see it in a different light, to make it seem more positive.
  ! 13. I’ve been criticizing myself.
  ! 14. I've been trying to come up with a strategy about what to do.
  ! 15. I've been getting comfort and understanding from someone.
  ! 16. I've been giving up the attempt to cope.
  ! 17. I've been looking for something good in what is happening
  ! 18. I've been making jokes about it.
  ! 19. I've been doing something to think about it less, such as going to movies, watching
  ! 20. I've been accepting the reality of the fact that it has happened.
  ! 21. I've been expressing my negative feelings.
  ! 22. I've been trying to find comfort in my religion or spiritual beliefs
  ! 23. I’ve been trying to get advice or help from other people about what to do
  ! 24. I've been learning to live with it.
  ! 25. I've been thinking hard about what steps to take.
  ! 26. I’ve been blaming myself for things that happened.
  ! 27. I've been praying or meditating.
  ! 28. I've been making fun of the situation.

  ! LReint 1-5
  ! How easy or difficult has it been to get back into the community
  !1.	Extremely easy: 11%
  !2.	Quite easy: 17%
  !3.	Neither easy nor difficult: 10%
  !4.	Quite difficult: 24%
  !5.	Extremely difficult: 38%

  USEVARIABLES = X M Y;

  ! Create interaction term
  ! Note that it has to be placed at end of USEVARIABLES subcommand above

  MISSING = ALL (-999);

  DEFINE:
  M = (PTSD_1+PTSD_2+PTSD_3) / 3 ;
  X = (BCOPE_1+BCOPE_6+BCOPE_13)/3 ;
  Y = (SUP_12+SUP_6+SUP_7)/3 ;


  ANALYSIS:
     ESTIMATOR = ML;

  ! In model statement name each path using parentheses

  MODEL:

  X ON M Y;
  M WITH Y;

  OUTPUT:
  STAND
  modindices
  SAMP;




*** WARNING
  Input line exceeded 90 characters. Some input may be truncated.
  ! 1. Having upsetting thoughts or images about the traumatic event that come into your head
*** WARNING
  Input line exceeded 90 characters. Some input may be truncated.
  ! 5. Experiencing physical reactions when reminded of the traumatic event (sweating, increa
*** WARNING
  Input line exceeded 90 characters. Some input may be truncated.
  ! 19. I've been doing something to think about it less, such as going to movies, watching T
   3 WARNING(S) FOUND IN THE INPUT INSTRUCTIONS



The present study uses data from trafficking
survivors who received assistance from a residential
facility in Ghana that rescues, rehabilitates, and
reintegrates back into the community female victims
of sex and labor trafficking.

SUMMARY OF ANALYSIS

Number of groups                                                 1
Number of observations                                         144

Number of dependent variables                                    1
Number of independent variables                                  2
Number of continuous latent variables                            0

Observed dependent variables

  Continuous
   X

Observed independent variables
   M           Y


Estimator                                                       ML
Information matrix                                        OBSERVED
Maximum number of iterations                                  1000
Convergence criterion                                    0.500D-04
Maximum number of steepest descent iterations                   20
Maximum number of iterations for H1                           2000
Convergence criterion for H1                             0.100D-03

Input data file(s)
  DAVIDdata.txt

Input data format  FREE


SUMMARY OF DATA

     Number of missing data patterns             4


COVARIANCE COVERAGE OF DATA

Minimum covariance coverage value   0.100


     PROPORTION OF DATA PRESENT


           Covariance Coverage
              X             M             Y
              ________      ________      ________
 X              0.993
 M              0.972         0.979
 Y              0.986         0.972         0.993


SAMPLE STATISTICS


     ESTIMATED SAMPLE STATISTICS


           Means
              X             M             Y
              ________      ________      ________
                1.949         0.520         3.229


           Covariances
              X             M             Y
              ________      ________      ________
 X              0.800
 M              0.368         0.632
 Y             -0.312        -0.358         4.987


           Correlations
              X             M             Y
              ________      ________      ________
 X              1.000
 M              0.518         1.000
 Y             -0.156        -0.202         1.000


     MAXIMUM LOG-LIKELIHOOD VALUE FOR THE UNRESTRICTED (H1) MODEL IS -647.395


UNIVARIATE SAMPLE STATISTICS


     UNIVARIATE HIGHER-ORDER MOMENT DESCRIPTIVE STATISTICS

         Variable/         Mean/     Skewness/   Minimum/ % with                Percentiles
        Sample Size      Variance    Kurtosis    Maximum  Min/Max      20%/60%    40%/80%    Median

     X                     1.951       0.541       1.000   32.17%       1.000      1.333      2.000
             143.000       0.800      -0.824       4.000    2.80%       2.000      3.000
     M                     0.515       1.601       0.000   58.87%       0.000      0.000      0.000
             141.000       0.634       1.682       3.000    2.84%       0.333      1.000
     Y                     3.226       0.516       1.000   33.57%       1.000      1.667      2.667
             143.000       4.988      -1.265       7.000   11.19%       3.333      6.000


THE MODEL ESTIMATION TERMINATED NORMALLY



MODEL FIT INFORMATION

Number of Free Parameters                        9

Loglikelihood

          H0 Value                        -647.395
          H1 Value                        -647.395

Information Criteria

          Akaike (AIC)                    1312.791
          Bayesian (BIC)                  1339.519
          Sample-Size Adjusted BIC        1311.041
            (n* = (n + 2) / 24)

Chi-Square Test of Model Fit

          Value                              0.000
          Degrees of Freedom                     0
          P-Value                           0.0000

RMSEA (Root Mean Square Error Of Approximation)

          Estimate                           0.000
          90 Percent C.I.                    0.000  0.000
          Probability RMSEA <= .05           0.000

CFI/TLI

          CFI                                1.000
          TLI                                1.000

Chi-Square Test of Model Fit for the Baseline Model

          Value                             44.943
          Degrees of Freedom                     2
          P-Value                           0.0000

SRMR (Standardized Root Mean Square Residual)

          Value                              0.000



MODEL RESULTS

                                                    Two-Tailed
                    Estimate       S.E.  Est./S.E.    P-Value

 X        ON
    M                  0.570      0.082      6.939      0.000
    Y                 -0.022      0.029     -0.739      0.460

 M        WITH
    Y                 -0.358      0.153     -2.342      0.019

 Means
    M                  0.520      0.067      7.792      0.000
    Y                  3.229      0.187     17.290      0.000

 Intercepts
    X                  1.722      0.128     13.423      0.000

 Variances
    M                  0.632      0.075      8.423      0.000
    Y                  4.987      0.590      8.457      0.000

 Residual Variances
    X                  0.583      0.069      8.439      0.000


QUALITY OF NUMERICAL RESULTS

     Condition Number for the Information Matrix              0.433E-02
       (ratio of smallest to largest eigenvalue)


STANDARDIZED MODEL RESULTS


STDYX Standardization

                                                    Two-Tailed
                    Estimate       S.E.  Est./S.E.    P-Value

 X        ON
    M                  0.507      0.063      7.996      0.000
    Y                 -0.054      0.073     -0.740      0.459

 M        WITH
    Y                 -0.202      0.081     -2.489      0.013

 Means
    M                  0.654      0.092      7.088      0.000
    Y                  1.446      0.119     12.099      0.000

 Intercepts
    X                  1.926      0.196      9.819      0.000

 Variances
    M                  1.000      0.000    999.000    999.000
    Y                  1.000      0.000    999.000    999.000

 Residual Variances
    X                  0.729      0.064     11.460      0.000


STDY Standardization

                                                    Two-Tailed
                    Estimate       S.E.  Est./S.E.    P-Value

 X        ON
    M                  0.507      0.063      7.996      0.000
    Y                 -0.054      0.073     -0.740      0.459

 M        WITH
    Y                 -0.202      0.081     -2.489      0.013

 Means
    M                  0.654      0.092      7.088      0.000
    Y                  1.446      0.119     12.099      0.000

 Intercepts
    X                  1.926      0.196      9.819      0.000

 Variances
    M                  1.000      0.000    999.000    999.000
    Y                  1.000      0.000    999.000    999.000

 Residual Variances
    X                  0.729      0.064     11.460      0.000


STD Standardization

                                                    Two-Tailed
                    Estimate       S.E.  Est./S.E.    P-Value

 X        ON
    M                  0.570      0.082      6.939      0.000
    Y                 -0.022      0.029     -0.739      0.460

 M        WITH
    Y                 -0.358      0.153     -2.342      0.019

 Means
    M                  0.520      0.067      7.792      0.000
    Y                  3.229      0.187     17.290      0.000

 Intercepts
    X                  1.722      0.128     13.423      0.000

 Variances
    M                  0.632      0.075      8.423      0.000
    Y                  4.987      0.590      8.457      0.000

 Residual Variances
    X                  0.583      0.069      8.439      0.000


R-SQUARE

    Observed                                        Two-Tailed
    Variable        Estimate       S.E.  Est./S.E.    P-Value

    X                  0.271      0.064      4.260      0.000


MODEL MODIFICATION INDICES

NOTE:  Modification indices for direct effects of observed dependent variables
regressed on covariates may not be included.  To include these, request
MODINDICES (ALL).

Minimum M.I. value for printing the modification index    10.000

                                   M.I.     E.P.C.  Std E.P.C.  StdYX E.P.C.

No modification indices above the minimum value.



DIAGRAM INFORMATION

  Use View Diagram under the Diagram menu in the Mplus Editor to view the diagram.
  If running Mplus from the Mplus Diagrammer, the diagram opens automatically.

  Diagram output
    c:\users\whowar\documents\scri\presentations\sem-2024\example\example_regression_manifest.dgm

     Beginning Time:  15:19:10
        Ending Time:  15:19:10
       Elapsed Time:  00:00:00



MUTHEN & MUTHEN
3463 Stoner Ave.
Los Angeles, CA  90066

Tel: (310) 391-9971
Fax: (310) 391-8971
Web: www.StatModel.com
Support: Support@StatModel.com

Copyright (c) 1998-2023 Muthen & Muthen
