Mplus VERSION 8.10
MUTHEN & MUTHEN
06/09/2024  10:28 PM

INPUT INSTRUCTIONS

  TITLE: The present study uses data from trafficking
  survivors who received assistance from a residential
  facility in Ghana that rescues, rehabilitates, and
  reintegrates back into the community female victims
  of sex and labor trafficking.
  ! text file containing raw data in long format
  DATA: FILE IS DAVIDdata.txt;
  VARIABLE: NAMES ARE
  ID Age Age_cat Edu Marital Tspend
  PTSD_1 PTSD_2 PTSD_3 PTSD_4 PTSD_5 PTSD_6 PTSD_7 PTSD_8 PTSD_9
  PTSD_10 PTSD_11 PTSD_12 PTSD_13 PTSD_14 PTSD_15 PTSD_16 PTSD_17
  BCOPE_1 BCOPE_2 BCOPE_3 BCOPE_4 BCOPE_5 BCOPE_6 BCOPE_7 BCOPE_8
  BCOPE_9 BCOPE_10 BCOPE_11 BCOPE_12 BCOPE_13 BCOPE_14 BCOPE_15
  BCOPE_16 BCOPE_17 BCOPE_18 BCOPE_19 BCOPE_20 BCOPE_21 BCOPE_22
  BCOPE_23 BCOPE_24 BCOPE_25 BCOPE_26 BCOPE_27 BCOPE_28
  SUP_1 SUP_2 SUP_3 SUP_4 SUP_5 SUP_6
  SUP_7 SUP_8 SUP_9 SUP_10 SUP_11 SUP_12
  Afterfin_1 Before_1 Rplace LReint
  FS_p1 FS_p2 FS_p3 BC_p1 BC_p2 BC_p3 PT_p1 PT_p2 PT_p3;

  ! Perceived Social Support 1-7 LIKERT (SUP)
  ! 1.  There is a special person who is around when I am in need
  ! 2.  There is a special person with whom I can share my joys and sorrows
  ! 3.  My family really tries to help me
  ! 4.  I get the emotional help and support I need from my family
  ! 5.  I have a special person who is a real source of comfort to me
  ! 6.  My friends really try to help me.
  ! 7.  I can count on my friends when things go wrong
  ! 8.  I can talk about my problems with my family
  ! 9.  I have friends with whom I can share my joys and sorrows.
  ! 10. There is a special person in my life who cares about my feelings.
  ! 11.  My family is willing to help me make decisions.
  ! 12.  I can talk about my problems with my friends.

  ! PTSD scale 0-3 LIKERT
  ! 1. Having upsetting thoughts or images about the traumatic event that come into your hea
  ! 2. Having bad dreams or nightmares about the traumatic event
  ! 3. Reliving the traumatic event (acting as if it were happening again)
  ! 4. Feeling emotionally upset when you are reminded of the traumatic event
  ! 5. Experiencing physical reactions when reminded of the traumatic event (sweating, incre
  ! 6. Trying not to think or talk about the traumatic event
  ! 7. Trying to avoid activities or people that remind you of the traumatic event
  ! 8. Not being able to remember an important part of the traumatic event
  ! 9. Having much less interest or participating much less often in important activities
  ! 10. Feeling distant or cut off from the people around you
  ! 11. Feeling emotionally numb (unable to cry or have loving feelings)
  ! 12. Feeling as if your future hopes or plans will not come true
  ! 13. Having trouble falling or staying asleep
  ! 14. Feeling irritable or having fits of anger
  ! 15. Having trouble concentrating
  ! 16. Being overly alert
  ! 17. Being jumpy or easily startled

  ! COPE 1-4 LIKERT
  ! 1. I've been turning to work or other activities to take my mind off things.
  ! 2. I've been concentrating my efforts on doing something about the situation I'm in.
  ! 3. I've been saying to myself "this isn't real."
  ! 4. I've been using alcohol or other drugs to make myself feel better.
  ! 5. I've been getting emotional support from others.
  ! 6. I've been giving up trying to deal with it.
  ! 7. I've been taking action to try to make the situation better.
  ! 8. I've been refusing to believe that it has happened.
  ! 9. I've been saying things to let my unpleasant feelings escape
  ! 10. I’ve been getting help and advice from other people.
  ! 11. I've been using alcohol or other drugs to help me get through it
  ! 12. I've been trying to see it in a different light, to make it seem more positive.
  ! 13. I’ve been criticizing myself.
  ! 14. I've been trying to come up with a strategy about what to do.
  ! 15. I've been getting comfort and understanding from someone.
  ! 16. I've been giving up the attempt to cope.
  ! 17. I've been looking for something good in what is happening
  ! 18. I've been making jokes about it.
  ! 19. I've been doing something to think about it less, such as going to movies, watching
  ! 20. I've been accepting the reality of the fact that it has happened.
  ! 21. I've been expressing my negative feelings.
  ! 22. I've been trying to find comfort in my religion or spiritual beliefs
  ! 23. I’ve been trying to get advice or help from other people about what to do
  ! 24. I've been learning to live with it.
  ! 25. I've been thinking hard about what steps to take.
  ! 26. I’ve been blaming myself for things that happened.
  ! 27. I've been praying or meditating.
  ! 28. I've been making fun of the situation.

  ! LReint 1-5
  ! How easy or difficult has it been to get back into the community
  !1.	Extremely easy: 11%
  !2.	Quite easy: 17%
  !3.	Neither easy nor difficult: 10%
  !4.	Quite difficult: 24%
  !5.	Extremely difficult: 38%

  USEVARIABLES = X W Y XW;

  ! Create interaction term
  ! Note that it has to be placed at end of USEVARIABLES subcommand above

  MISSING = ALL (-999);

  DEFINE:
  W = (PTSD_1+PTSD_2+PTSD_3) / 3 ;
  X = (BCOPE_1+BCOPE_6+BCOPE_13)/3 ;
  Y = (SUP_12+SUP_6+SUP_7)/3 ;

  !W = MEAN(Wr);
  !X = MEAN(Xr);
  !Y = MEAN(Yr);

  XW = X*W;

  ANALYSIS:
     TYPE = GENERAL;
     ESTIMATOR = ML;

  ! In model statement name each path using parentheses

  MODEL:
     [Y] (b0);
     Y ON X (b1);
     Y ON W (b2);
     Y ON XW (b3);

  ! Use model constraint subcommand to test simple slopes
  ! You need to pick low, medium and high moderator values,
  ! for example, of 1 SD below mean, mean, 1 SD above mean

  MODEL CONSTRAINT:
     NEW(LOW_W MED_W HIGH_W SIMP_LO SIMP_MED SIMP_HI);

     LOW_W = 0;   ! replace #LOWW in the code with your chosen low value of W
     MED_W = 1.5;   ! replace #MEDW in the code with your chosen medium value of W
     HIGH_W = 3;   ! replace #HIGHW in the code with your chosen high value of W

  ! Now calc simple slopes for each value of W

     SIMP_LO = b1 + b3*LOW_W;
     SIMP_MED = b1 + b3*MED_W;
     SIMP_HI = b1 + b3*HIGH_W;

  ! Use loop plot to plot model for low, med, high values of W
  ! NOTE - values of 1,5 in LOOP() statement need to be replaced by
  ! logical min and max limits of predictor X used in analysis

     PLOT(LOMOD MEDMOD HIMOD);
     LOOP(XVAL,1,4,0.5);
     LOMOD = (b0 + b2*LOW_W) + (b1 + b3*LOW_W)*XVAL;
     MEDMOD = (b0 + b2*MED_W) + (b1 + b3*MED_W)*XVAL;
     HIMOD = (b0 + b2*HIGH_W) + (b1 + b3*HIGH_W)*XVAL;

  PLOT:
     TYPE = plot2;

  OUTPUT:
     STAND CINT;



*** WARNING
  Input line exceeded 90 characters. Some input may be truncated.
  ! 1. Having upsetting thoughts or images about the traumatic event that come into your head
*** WARNING
  Input line exceeded 90 characters. Some input may be truncated.
  ! 5. Experiencing physical reactions when reminded of the traumatic event (sweating, increa
*** WARNING
  Input line exceeded 90 characters. Some input may be truncated.
  ! 19. I've been doing something to think about it less, such as going to movies, watching T
*** WARNING
  Data set contains cases with missing on x-variables.
  These cases were not included in the analysis.
  Number of cases with missing on x-variables:  4
*** WARNING
  Data set contains cases with missing on all variables except
  x-variables.  These cases were not included in the analysis.
  Number of cases with missing on all variables except x-variables:  1
   5 WARNING(S) FOUND IN THE INPUT INSTRUCTIONS



The present study uses data from trafficking
survivors who received assistance from a residential
facility in Ghana that rescues, rehabilitates, and
reintegrates back into the community female victims
of sex and labor trafficking.

SUMMARY OF ANALYSIS

Number of groups                                                 1
Number of observations                                         139

Number of dependent variables                                    1
Number of independent variables                                  3
Number of continuous latent variables                            0

Observed dependent variables

  Continuous
   Y

Observed independent variables
   X           W           XW


Estimator                                                       ML
Information matrix                                        OBSERVED
Maximum number of iterations                                  1000
Convergence criterion                                    0.500D-04
Maximum number of steepest descent iterations                   20
Maximum number of iterations for H1                           2000
Convergence criterion for H1                             0.100D-03

Input data file(s)
  DAVIDdata.txt

Input data format  FREE


SUMMARY OF DATA

     Number of missing data patterns             1


COVARIANCE COVERAGE OF DATA

Minimum covariance coverage value   0.100


     PROPORTION OF DATA PRESENT


           Covariance Coverage
              Y             X             W             XW
              ________      ________      ________      ________
 Y              1.000
 X              1.000         1.000
 W              1.000         1.000         1.000
 XW             1.000         1.000         1.000         1.000



UNIVARIATE SAMPLE STATISTICS


     UNIVARIATE HIGHER-ORDER MOMENT DESCRIPTIVE STATISTICS

         Variable/         Mean/     Skewness/   Minimum/ % with                Percentiles
        Sample Size      Variance    Kurtosis    Maximum  Min/Max      20%/60%    40%/80%    Median

     Y                     3.213       0.530       1.000   33.09%       1.000      2.000      2.667
             139.000       4.914      -1.236       7.000   10.79%       3.333      6.000
     X                     1.945       0.560       1.000   33.09%       1.000      1.333      2.000
             139.000       0.815      -0.830       4.000    2.88%       2.000      3.000
     W                     0.523       1.580       0.000   58.27%       0.000      0.000      0.000
             139.000       0.640       1.610       3.000    2.88%       0.333      1.000
     XW                    1.392       2.257       0.000   58.27%       0.000      0.000      0.000
             139.000       5.700       5.416      12.000    1.44%       0.333      2.444


THE MODEL ESTIMATION TERMINATED NORMALLY



MODEL FIT INFORMATION

Number of Free Parameters                        5

Loglikelihood

          H0 Value                        -300.142
          H1 Value                        -300.142

Information Criteria

          Akaike (AIC)                     610.285
          Bayesian (BIC)                   624.957
          Sample-Size Adjusted BIC         609.138
            (n* = (n + 2) / 24)

Chi-Square Test of Model Fit

          Value                              0.000
          Degrees of Freedom                     0
          P-Value                           0.0000

RMSEA (Root Mean Square Error Of Approximation)

          Estimate                           0.000
          90 Percent C.I.                    0.000  0.000
          Probability RMSEA <= .05           0.000

CFI/TLI

          CFI                                1.000
          TLI                                1.000

Chi-Square Test of Model Fit for the Baseline Model

          Value                             15.494
          Degrees of Freedom                     3
          P-Value                           0.0014

SRMR (Standardized Root Mean Square Residual)

          Value                              0.000



MODEL RESULTS

                                                    Two-Tailed
                    Estimate       S.E.  Est./S.E.    P-Value

 Y        ON
    X                 -0.508      0.254     -1.998      0.046
    W                 -2.770      0.788     -3.515      0.000
    XW                 0.882      0.282      3.126      0.002

 Intercepts
    Y                  4.421      0.479      9.234      0.000

 Residual Variances
    Y                  4.396      0.527      8.337      0.000

New/Additional Parameters
    LOW_W              0.000      0.000      0.000      1.000
    MED_W              1.500      0.000      0.000      1.000
    HIGH_W             3.000      0.000      0.000      1.000
    SIMP_LO           -0.508      0.254     -1.998      0.046
    SIMP_MED           0.816      0.392      2.082      0.037
    SIMP_HI            2.140      0.775      2.760      0.006


QUALITY OF NUMERICAL RESULTS

     Condition Number for the Information Matrix              0.214E-02
       (ratio of smallest to largest eigenvalue)


STANDARDIZED MODEL RESULTS


STDYX Standardization

                                                    Two-Tailed
                    Estimate       S.E.  Est./S.E.    P-Value

 Y        ON
    X                 -0.207      0.102     -2.022      0.043
    W                 -0.999      0.274     -3.652      0.000
    XW                 0.950      0.295      3.218      0.001

 Intercepts
    Y                  1.994      0.217      9.201      0.000

 Residual Variances
    Y                  0.895      0.049     18.151      0.000


STDY Standardization

                                                    Two-Tailed
                    Estimate       S.E.  Est./S.E.    P-Value

 Y        ON
    X                 -0.229      0.112     -2.036      0.042
    W                 -1.250      0.335     -3.735      0.000
    XW                 0.398      0.121      3.278      0.001

 Intercepts
    Y                  1.994      0.217      9.201      0.000

 Residual Variances
    Y                  0.895      0.049     18.151      0.000


STD Standardization

                                                    Two-Tailed
                    Estimate       S.E.  Est./S.E.    P-Value

 Y        ON
    X                 -0.508      0.254     -1.998      0.046
    W                 -2.770      0.788     -3.515      0.000
    XW                 0.882      0.282      3.126      0.002

 Intercepts
    Y                  4.421      0.479      9.234      0.000

 Residual Variances
    Y                  4.396      0.527      8.337      0.000


R-SQUARE

    Observed                                        Two-Tailed
    Variable        Estimate       S.E.  Est./S.E.    P-Value

    Y                  0.105      0.049      2.140      0.032


CONFIDENCE INTERVALS OF MODEL RESULTS

                  Lower .5%  Lower 2.5%    Lower 5%    Estimate    Upper 5%  Upper 2.5%   Upper .5%

 Y        ON
    X               -1.162      -1.006      -0.926      -0.508      -0.090      -0.010       0.147
    W               -4.800      -4.315      -4.066      -2.770      -1.474      -1.225      -0.740
    XW               0.155       0.329       0.418       0.882       1.347       1.436       1.610

 Intercepts
    Y                3.188       3.482       3.633       4.421       5.208       5.359       5.654

 Residual Variances
    Y                3.038       3.363       3.529       4.396       5.264       5.430       5.754

New/Additional Parameters
    LOW_W            0.000       0.000       0.000       0.000       0.000       0.000       0.000
    MED_W            1.500       1.500       1.500       1.500       1.500       1.500       1.500
    HIGH_W           3.000       3.000       3.000       3.000       3.000       3.000       3.000
    SIMP_LO         -1.162      -1.006      -0.926      -0.508      -0.090      -0.010       0.147
    SIMP_MED        -0.193       0.048       0.171       0.816       1.461       1.584       1.825
    SIMP_HI          0.142       0.620       0.864       2.140       3.415       3.659       4.137


CONFIDENCE INTERVALS OF STANDARDIZED MODEL RESULTS


STDYX Standardization

                  Lower .5%  Lower 2.5%    Lower 5%    Estimate    Upper 5%  Upper 2.5%   Upper .5%

 Y        ON
    X               -0.470      -0.407      -0.375      -0.207      -0.039      -0.006       0.057
    W               -1.704      -1.536      -1.449      -0.999      -0.549      -0.463      -0.294
    XW               0.190       0.372       0.465       0.950       1.436       1.529       1.711

 Intercepts
    Y                1.436       1.569       1.638       1.994       2.351       2.419       2.552

 Residual Variances
    Y                0.768       0.798       0.813       0.895       0.976       0.991       1.021


STDY Standardization

                  Lower .5%  Lower 2.5%    Lower 5%    Estimate    Upper 5%  Upper 2.5%   Upper .5%

 Y        ON
    X               -0.519      -0.449      -0.414      -0.229      -0.044      -0.009       0.061
    W               -2.111      -1.905      -1.800      -1.250      -0.699      -0.594      -0.388
    XW               0.085       0.160       0.198       0.398       0.598       0.636       0.711

 Intercepts
    Y                1.436       1.569       1.638       1.994       2.351       2.419       2.552

 Residual Variances
    Y                0.768       0.798       0.813       0.895       0.976       0.991       1.021


STD Standardization

                  Lower .5%  Lower 2.5%    Lower 5%    Estimate    Upper 5%  Upper 2.5%   Upper .5%

 Y        ON
    X               -1.162      -1.006      -0.926      -0.508      -0.090      -0.010       0.147
    W               -4.800      -4.315      -4.066      -2.770      -1.474      -1.225      -0.740
    XW               0.155       0.329       0.418       0.882       1.347       1.436       1.610

 Intercepts
    Y                3.188       3.482       3.633       4.421       5.208       5.359       5.654

 Residual Variances
    Y                3.038       3.363       3.529       4.396       5.264       5.430       5.754


PLOT INFORMATION

The following plots are available:

  Loop plots

DIAGRAM INFORMATION

  Use View Diagram under the Diagram menu in the Mplus Editor to view the diagram.
  If running Mplus from the Mplus Diagrammer, the diagram opens automatically.

  Diagram output
    c:\users\whowar\documents\scri\presentations\sem-2024\example\example_moderation_manifest.dgm

     Beginning Time:  22:28:45
        Ending Time:  22:28:45
       Elapsed Time:  00:00:00



MUTHEN & MUTHEN
3463 Stoner Ave.
Los Angeles, CA  90066

Tel: (310) 391-9971
Fax: (310) 391-8971
Web: www.StatModel.com
Support: Support@StatModel.com

Copyright (c) 1998-2023 Muthen & Muthen
