Mplus VERSION 8.10
MUTHEN & MUTHEN
06/08/2024  10:42 PM

INPUT INSTRUCTIONS

  TITLE: The present study uses data from trafficking
  survivors who received assistance from a residential
  facility in Ghana that rescues, rehabilitates, and
  reintegrates back into the community female victims
  of sex and labor trafficking.

  DATA: FILE = mydata.dat;

  VARIABLE:
  NAMES = ID Age PTSD1 PTSD2 PTSD3 SUP1 SUP2 SUP3 Reint;
  USEVARIABLES = SUP1 SUP2 SUP3 ;
  MISSING = ALL (-999);

  ANALYSIS:
  ESTIMATOR = ML;

  MODEL:
  SUP by SUP1* SUP2 SUP3 ;
  SUP@1;

  OUTPUT:
  SAMPSTAT MODINDICES(3.84) STANDARDIZED RESIDUAL;



INPUT READING TERMINATED NORMALLY



The present study uses data from trafficking
survivors who received assistance from a residential
facility in Ghana that rescues, rehabilitates, and
reintegrates back into the community female victims
of sex and labor trafficking.

SUMMARY OF ANALYSIS

Number of groups                                                 1
Number of observations                                         143

Number of dependent variables                                    3
Number of independent variables                                  0
Number of continuous latent variables                            1

Observed dependent variables

  Continuous
   SUP1        SUP2        SUP3

Continuous latent variables
   SUP


Estimator                                                       ML
Information matrix                                        OBSERVED
Maximum number of iterations                                  1000
Convergence criterion                                    0.500D-04
Maximum number of steepest descent iterations                   20
Maximum number of iterations for H1                           2000
Convergence criterion for H1                             0.100D-03

Input data file(s)
  mydata.dat

Input data format  FREE


SUMMARY OF DATA

     Number of missing data patterns             2


COVARIANCE COVERAGE OF DATA

Minimum covariance coverage value   0.100


     PROPORTION OF DATA PRESENT


           Covariance Coverage
              SUP1          SUP2          SUP3
              ________      ________      ________
 SUP1           1.000
 SUP2           0.993         0.993
 SUP3           1.000         0.993         1.000


SAMPLE STATISTICS


     ESTIMATED SAMPLE STATISTICS


           Means
              SUP1          SUP2          SUP3
              ________      ________      ________
                3.287         2.990         3.322


           Covariances
              SUP1          SUP2          SUP3
              ________      ________      ________
 SUP1           5.659
 SUP2           4.901         5.498
 SUP3           4.327         4.375         5.631


           Correlations
              SUP1          SUP2          SUP3
              ________      ________      ________
 SUP1           1.000
 SUP2           0.879         1.000
 SUP3           0.767         0.786         1.000


     MAXIMUM LOG-LIKELIHOOD VALUE FOR THE UNRESTRICTED (H1) MODEL IS -797.214


UNIVARIATE SAMPLE STATISTICS


     UNIVARIATE HIGHER-ORDER MOMENT DESCRIPTIVE STATISTICS

         Variable/         Mean/     Skewness/   Minimum/ % with                Percentiles
        Sample Size      Variance    Kurtosis    Maximum  Min/Max      20%/60%    40%/80%    Median

     SUP1                  3.287       0.443       1.000   41.26%       1.000      1.000      2.000
             143.000       5.659      -1.429       7.000   17.48%       4.000      6.000
     SUP2                  2.993       0.694       1.000   46.48%       1.000      1.000      2.000
             142.000       5.528      -1.188       7.000   15.49%       3.000      6.000
     SUP3                  3.322       0.365       1.000   42.66%       1.000      1.000      3.000
             143.000       5.631      -1.500       7.000   15.38%       4.000      6.000


THE MODEL ESTIMATION TERMINATED NORMALLY



MODEL FIT INFORMATION

Number of Free Parameters                        9

Loglikelihood

          H0 Value                        -797.214
          H1 Value                        -797.214

Information Criteria

          Akaike (AIC)                    1612.428
          Bayesian (BIC)                  1639.094
          Sample-Size Adjusted BIC        1610.616
            (n* = (n + 2) / 24)

Chi-Square Test of Model Fit

          Value                              0.000
          Degrees of Freedom                     0
          P-Value                           0.0000

RMSEA (Root Mean Square Error Of Approximation)

          Estimate                           0.000
          90 Percent C.I.                    0.000  0.000
          Probability RMSEA <= .05           0.000

CFI/TLI

          CFI                                1.000
          TLI                                1.000

Chi-Square Test of Model Fit for the Baseline Model

          Value                            357.977
          Degrees of Freedom                     3
          P-Value                           0.0000

SRMR (Standardized Root Mean Square Residual)

          Value                              0.000



MODEL RESULTS

                                                    Two-Tailed
                    Estimate       S.E.  Est./S.E.    P-Value

 SUP      BY
    SUP1               2.202      0.155     14.246      0.000
    SUP2               2.226      0.150     14.879      0.000
    SUP3               1.966      0.164     11.990      0.000

 Intercepts
    SUP1               3.287      0.199     16.522      0.000
    SUP2               2.990      0.196     15.239      0.000
    SUP3               3.322      0.198     16.739      0.000

 Variances
    SUP                1.000      0.000    999.000    999.000

 Residual Variances
    SUP1               0.812      0.183      4.429      0.000
    SUP2               0.543      0.171      3.176      0.001
    SUP3               1.768      0.243      7.265      0.000


QUALITY OF NUMERICAL RESULTS

     Condition Number for the Information Matrix              0.310E-01
       (ratio of smallest to largest eigenvalue)


STANDARDIZED MODEL RESULTS


STDYX Standardization

                                                    Two-Tailed
                    Estimate       S.E.  Est./S.E.    P-Value

 SUP      BY
    SUP1               0.925      0.019     48.366      0.000
    SUP2               0.949      0.017     54.928      0.000
    SUP3               0.828      0.029     28.129      0.000

 Intercepts
    SUP1               1.382      0.117     11.818      0.000
    SUP2               1.275      0.113     11.318      0.000
    SUP3               1.400      0.118     11.897      0.000

 Variances
    SUP                1.000      0.000    999.000    999.000

 Residual Variances
    SUP1               0.143      0.035      4.050      0.000
    SUP2               0.099      0.033      3.011      0.003
    SUP3               0.314      0.049      6.435      0.000


STDY Standardization

                                                    Two-Tailed
                    Estimate       S.E.  Est./S.E.    P-Value

 SUP      BY
    SUP1               0.925      0.019     48.366      0.000
    SUP2               0.949      0.017     54.928      0.000
    SUP3               0.828      0.029     28.129      0.000

 Intercepts
    SUP1               1.382      0.117     11.818      0.000
    SUP2               1.275      0.113     11.318      0.000
    SUP3               1.400      0.118     11.897      0.000

 Variances
    SUP                1.000      0.000    999.000    999.000

 Residual Variances
    SUP1               0.143      0.035      4.050      0.000
    SUP2               0.099      0.033      3.011      0.003
    SUP3               0.314      0.049      6.435      0.000


STD Standardization

                                                    Two-Tailed
                    Estimate       S.E.  Est./S.E.    P-Value

 SUP      BY
    SUP1               2.202      0.155     14.246      0.000
    SUP2               2.226      0.150     14.879      0.000
    SUP3               1.966      0.164     11.990      0.000

 Intercepts
    SUP1               3.287      0.199     16.522      0.000
    SUP2               2.990      0.196     15.239      0.000
    SUP3               3.322      0.198     16.739      0.000

 Variances
    SUP                1.000      0.000    999.000    999.000

 Residual Variances
    SUP1               0.812      0.183      4.429      0.000
    SUP2               0.543      0.171      3.176      0.001
    SUP3               1.768      0.243      7.265      0.000


R-SQUARE

    Observed                                        Two-Tailed
    Variable        Estimate       S.E.  Est./S.E.    P-Value

    SUP1               0.857      0.035     24.183      0.000
    SUP2               0.901      0.033     27.464      0.000
    SUP3               0.686      0.049     14.065      0.000


RESIDUAL OUTPUT


     ESTIMATED MODEL AND RESIDUALS (OBSERVED - ESTIMATED)


           Model Estimated Means
              SUP1          SUP2          SUP3
              ________      ________      ________
                3.287         2.990         3.322


           Residuals for Means
              SUP1          SUP2          SUP3
              ________      ________      ________
                0.000         0.000         0.000


           Standardized Residuals (z-scores) for Means
              SUP1          SUP2          SUP3
              ________      ________      ________
              999.000       999.000       999.000


           Normalized Residuals for Means
              SUP1          SUP2          SUP3
              ________      ________      ________
                0.000         0.000         0.000


           Model Estimated Covariances
              SUP1          SUP2          SUP3
              ________      ________      ________
 SUP1           5.659
 SUP2           4.901         5.498
 SUP3           4.327         4.375         5.631


           Model Estimated Correlations
              SUP1          SUP2          SUP3
              ________      ________      ________
 SUP1           1.000
 SUP2           0.879         1.000
 SUP3           0.767         0.786         1.000


           Residuals for Covariances
              SUP1          SUP2          SUP3
              ________      ________      ________
 SUP1           0.000
 SUP2           0.000         0.000
 SUP3           0.000         0.000         0.000


           Residuals for Correlations
              SUP1          SUP2          SUP3
              ________      ________      ________
 SUP1           0.000
 SUP2           0.000         0.000
 SUP3           0.000         0.000         0.000


           Standardized Residuals (z-scores) for Covariances
              SUP1          SUP2          SUP3
              ________      ________      ________
 SUP1         999.000
 SUP2         999.000       999.000
 SUP3         999.000       999.000       999.000


           Normalized Residuals for Covariances
              SUP1          SUP2          SUP3
              ________      ________      ________
 SUP1           0.000
 SUP2           0.000         0.000
 SUP3           0.000         0.000         0.000


MODEL MODIFICATION INDICES

NOTE:  Modification indices for direct effects of observed dependent variables
regressed on covariates may not be included.  To include these, request
MODINDICES (ALL).

Minimum M.I. value for printing the modification index     3.840

                                   M.I.     E.P.C.  Std E.P.C.  StdYX E.P.C.

No modification indices above the minimum value.



DIAGRAM INFORMATION

  Use View Diagram under the Diagram menu in the Mplus Editor to view the diagram.
  If running Mplus from the Mplus Diagrammer, the diagram opens automatically.

  Diagram output
    c:\users\whowar\documents\scri\presentations\sem-2024\example\m1.dgm

     Beginning Time:  22:42:50
        Ending Time:  22:42:50
       Elapsed Time:  00:00:00



MUTHEN & MUTHEN
3463 Stoner Ave.
Los Angeles, CA  90066

Tel: (310) 391-9971
Fax: (310) 391-8971
Web: www.StatModel.com
Support: Support@StatModel.com

Copyright (c) 1998-2023 Muthen & Muthen
